Created by PLY version 3.4 (http://www.dabeaz.com/ply)

Grammar

Rule 0     S' -> statement
Rule 1     statement -> NAME EQUALS expression
Rule 2     statement -> expression
Rule 3     expression -> expression PLUS expression
Rule 4     expression -> expression MINUS expression
Rule 5     expression -> expression TIMES expression
Rule 6     expression -> expression DIVIDE expression
Rule 7     expression -> FRAC expression MIDDLE expression END
Rule 8     expression -> SIN LPAREN expression RPAREN
Rule 9     expression -> COS LPAREN expression RPAREN
Rule 10    expression -> MINUS expression
Rule 11    expression -> LPAREN expression RPAREN
Rule 12    expression -> NUMBER
Rule 13    expression -> PI
Rule 14    expression -> NAME

Terminals, with rules where they appear

COS                  : 9
DIVIDE               : 6
END                  : 7
EQUALS               : 1
FRAC                 : 7
LPAREN               : 8 9 11
MIDDLE               : 7
MINUS                : 4 10
NAME                 : 1 14
NUMBER               : 12
PI                   : 13
PLUS                 : 3
RPAREN               : 8 9 11
SIN                  : 8
TIMES                : 5
error                : 

Nonterminals, with rules where they appear

expression           : 1 2 3 3 4 4 5 5 6 6 7 7 8 9 10 11
statement            : 0

Parsing method: LALR

state 0

    (0) S' -> . statement
    (1) statement -> . NAME EQUALS expression
    (2) statement -> . expression
    (3) expression -> . expression PLUS expression
    (4) expression -> . expression MINUS expression
    (5) expression -> . expression TIMES expression
    (6) expression -> . expression DIVIDE expression
    (7) expression -> . FRAC expression MIDDLE expression END
    (8) expression -> . SIN LPAREN expression RPAREN
    (9) expression -> . COS LPAREN expression RPAREN
    (10) expression -> . MINUS expression
    (11) expression -> . LPAREN expression RPAREN
    (12) expression -> . NUMBER
    (13) expression -> . PI
    (14) expression -> . NAME

    NAME            shift and go to state 3
    FRAC            shift and go to state 2
    SIN             shift and go to state 5
    COS             shift and go to state 1
    MINUS           shift and go to state 10
    LPAREN          shift and go to state 7
    NUMBER          shift and go to state 4
    PI              shift and go to state 8

    expression                     shift and go to state 9
    statement                      shift and go to state 6

state 1

    (9) expression -> COS . LPAREN expression RPAREN

    LPAREN          shift and go to state 11


state 2

    (7) expression -> FRAC . expression MIDDLE expression END
    (3) expression -> . expression PLUS expression
    (4) expression -> . expression MINUS expression
    (5) expression -> . expression TIMES expression
    (6) expression -> . expression DIVIDE expression
    (7) expression -> . FRAC expression MIDDLE expression END
    (8) expression -> . SIN LPAREN expression RPAREN
    (9) expression -> . COS LPAREN expression RPAREN
    (10) expression -> . MINUS expression
    (11) expression -> . LPAREN expression RPAREN
    (12) expression -> . NUMBER
    (13) expression -> . PI
    (14) expression -> . NAME

    FRAC            shift and go to state 2
    SIN             shift and go to state 5
    COS             shift and go to state 1
    MINUS           shift and go to state 10
    LPAREN          shift and go to state 7
    NUMBER          shift and go to state 4
    PI              shift and go to state 8
    NAME            shift and go to state 12

    expression                     shift and go to state 13

state 3

    (1) statement -> NAME . EQUALS expression
    (14) expression -> NAME .

    EQUALS          shift and go to state 14
    PLUS            reduce using rule 14 (expression -> NAME .)
    MINUS           reduce using rule 14 (expression -> NAME .)
    TIMES           reduce using rule 14 (expression -> NAME .)
    DIVIDE          reduce using rule 14 (expression -> NAME .)
    $end            reduce using rule 14 (expression -> NAME .)


state 4

    (12) expression -> NUMBER .

    PLUS            reduce using rule 12 (expression -> NUMBER .)
    MINUS           reduce using rule 12 (expression -> NUMBER .)
    TIMES           reduce using rule 12 (expression -> NUMBER .)
    DIVIDE          reduce using rule 12 (expression -> NUMBER .)
    $end            reduce using rule 12 (expression -> NUMBER .)
    MIDDLE          reduce using rule 12 (expression -> NUMBER .)
    RPAREN          reduce using rule 12 (expression -> NUMBER .)
    END             reduce using rule 12 (expression -> NUMBER .)


state 5

    (8) expression -> SIN . LPAREN expression RPAREN

    LPAREN          shift and go to state 15


state 6

    (0) S' -> statement .



state 7

    (11) expression -> LPAREN . expression RPAREN
    (3) expression -> . expression PLUS expression
    (4) expression -> . expression MINUS expression
    (5) expression -> . expression TIMES expression
    (6) expression -> . expression DIVIDE expression
    (7) expression -> . FRAC expression MIDDLE expression END
    (8) expression -> . SIN LPAREN expression RPAREN
    (9) expression -> . COS LPAREN expression RPAREN
    (10) expression -> . MINUS expression
    (11) expression -> . LPAREN expression RPAREN
    (12) expression -> . NUMBER
    (13) expression -> . PI
    (14) expression -> . NAME

    FRAC            shift and go to state 2
    SIN             shift and go to state 5
    COS             shift and go to state 1
    MINUS           shift and go to state 10
    LPAREN          shift and go to state 7
    NUMBER          shift and go to state 4
    PI              shift and go to state 8
    NAME            shift and go to state 12

    expression                     shift and go to state 16

state 8

    (13) expression -> PI .

    PLUS            reduce using rule 13 (expression -> PI .)
    MINUS           reduce using rule 13 (expression -> PI .)
    TIMES           reduce using rule 13 (expression -> PI .)
    DIVIDE          reduce using rule 13 (expression -> PI .)
    $end            reduce using rule 13 (expression -> PI .)
    MIDDLE          reduce using rule 13 (expression -> PI .)
    RPAREN          reduce using rule 13 (expression -> PI .)
    END             reduce using rule 13 (expression -> PI .)


state 9

    (2) statement -> expression .
    (3) expression -> expression . PLUS expression
    (4) expression -> expression . MINUS expression
    (5) expression -> expression . TIMES expression
    (6) expression -> expression . DIVIDE expression

    $end            reduce using rule 2 (statement -> expression .)
    PLUS            shift and go to state 17
    MINUS           shift and go to state 19
    TIMES           shift and go to state 20
    DIVIDE          shift and go to state 18


state 10

    (10) expression -> MINUS . expression
    (3) expression -> . expression PLUS expression
    (4) expression -> . expression MINUS expression
    (5) expression -> . expression TIMES expression
    (6) expression -> . expression DIVIDE expression
    (7) expression -> . FRAC expression MIDDLE expression END
    (8) expression -> . SIN LPAREN expression RPAREN
    (9) expression -> . COS LPAREN expression RPAREN
    (10) expression -> . MINUS expression
    (11) expression -> . LPAREN expression RPAREN
    (12) expression -> . NUMBER
    (13) expression -> . PI
    (14) expression -> . NAME

    FRAC            shift and go to state 2
    SIN             shift and go to state 5
    COS             shift and go to state 1
    MINUS           shift and go to state 10
    LPAREN          shift and go to state 7
    NUMBER          shift and go to state 4
    PI              shift and go to state 8
    NAME            shift and go to state 12

    expression                     shift and go to state 21

state 11

    (9) expression -> COS LPAREN . expression RPAREN
    (3) expression -> . expression PLUS expression
    (4) expression -> . expression MINUS expression
    (5) expression -> . expression TIMES expression
    (6) expression -> . expression DIVIDE expression
    (7) expression -> . FRAC expression MIDDLE expression END
    (8) expression -> . SIN LPAREN expression RPAREN
    (9) expression -> . COS LPAREN expression RPAREN
    (10) expression -> . MINUS expression
    (11) expression -> . LPAREN expression RPAREN
    (12) expression -> . NUMBER
    (13) expression -> . PI
    (14) expression -> . NAME

    FRAC            shift and go to state 2
    SIN             shift and go to state 5
    COS             shift and go to state 1
    MINUS           shift and go to state 10
    LPAREN          shift and go to state 7
    NUMBER          shift and go to state 4
    PI              shift and go to state 8
    NAME            shift and go to state 12

    expression                     shift and go to state 22

state 12

    (14) expression -> NAME .

    PLUS            reduce using rule 14 (expression -> NAME .)
    MINUS           reduce using rule 14 (expression -> NAME .)
    TIMES           reduce using rule 14 (expression -> NAME .)
    DIVIDE          reduce using rule 14 (expression -> NAME .)
    $end            reduce using rule 14 (expression -> NAME .)
    MIDDLE          reduce using rule 14 (expression -> NAME .)
    RPAREN          reduce using rule 14 (expression -> NAME .)
    END             reduce using rule 14 (expression -> NAME .)


state 13

    (7) expression -> FRAC expression . MIDDLE expression END
    (3) expression -> expression . PLUS expression
    (4) expression -> expression . MINUS expression
    (5) expression -> expression . TIMES expression
    (6) expression -> expression . DIVIDE expression

    MIDDLE          shift and go to state 23
    PLUS            shift and go to state 17
    MINUS           shift and go to state 19
    TIMES           shift and go to state 20
    DIVIDE          shift and go to state 18


state 14

    (1) statement -> NAME EQUALS . expression
    (3) expression -> . expression PLUS expression
    (4) expression -> . expression MINUS expression
    (5) expression -> . expression TIMES expression
    (6) expression -> . expression DIVIDE expression
    (7) expression -> . FRAC expression MIDDLE expression END
    (8) expression -> . SIN LPAREN expression RPAREN
    (9) expression -> . COS LPAREN expression RPAREN
    (10) expression -> . MINUS expression
    (11) expression -> . LPAREN expression RPAREN
    (12) expression -> . NUMBER
    (13) expression -> . PI
    (14) expression -> . NAME

    FRAC            shift and go to state 2
    SIN             shift and go to state 5
    COS             shift and go to state 1
    MINUS           shift and go to state 10
    LPAREN          shift and go to state 7
    NUMBER          shift and go to state 4
    PI              shift and go to state 8
    NAME            shift and go to state 12

    expression                     shift and go to state 24

state 15

    (8) expression -> SIN LPAREN . expression RPAREN
    (3) expression -> . expression PLUS expression
    (4) expression -> . expression MINUS expression
    (5) expression -> . expression TIMES expression
    (6) expression -> . expression DIVIDE expression
    (7) expression -> . FRAC expression MIDDLE expression END
    (8) expression -> . SIN LPAREN expression RPAREN
    (9) expression -> . COS LPAREN expression RPAREN
    (10) expression -> . MINUS expression
    (11) expression -> . LPAREN expression RPAREN
    (12) expression -> . NUMBER
    (13) expression -> . PI
    (14) expression -> . NAME

    FRAC            shift and go to state 2
    SIN             shift and go to state 5
    COS             shift and go to state 1
    MINUS           shift and go to state 10
    LPAREN          shift and go to state 7
    NUMBER          shift and go to state 4
    PI              shift and go to state 8
    NAME            shift and go to state 12

    expression                     shift and go to state 25

state 16

    (11) expression -> LPAREN expression . RPAREN
    (3) expression -> expression . PLUS expression
    (4) expression -> expression . MINUS expression
    (5) expression -> expression . TIMES expression
    (6) expression -> expression . DIVIDE expression

    RPAREN          shift and go to state 26
    PLUS            shift and go to state 17
    MINUS           shift and go to state 19
    TIMES           shift and go to state 20
    DIVIDE          shift and go to state 18


state 17

    (3) expression -> expression PLUS . expression
    (3) expression -> . expression PLUS expression
    (4) expression -> . expression MINUS expression
    (5) expression -> . expression TIMES expression
    (6) expression -> . expression DIVIDE expression
    (7) expression -> . FRAC expression MIDDLE expression END
    (8) expression -> . SIN LPAREN expression RPAREN
    (9) expression -> . COS LPAREN expression RPAREN
    (10) expression -> . MINUS expression
    (11) expression -> . LPAREN expression RPAREN
    (12) expression -> . NUMBER
    (13) expression -> . PI
    (14) expression -> . NAME

    FRAC            shift and go to state 2
    SIN             shift and go to state 5
    COS             shift and go to state 1
    MINUS           shift and go to state 10
    LPAREN          shift and go to state 7
    NUMBER          shift and go to state 4
    PI              shift and go to state 8
    NAME            shift and go to state 12

    expression                     shift and go to state 27

state 18

    (6) expression -> expression DIVIDE . expression
    (3) expression -> . expression PLUS expression
    (4) expression -> . expression MINUS expression
    (5) expression -> . expression TIMES expression
    (6) expression -> . expression DIVIDE expression
    (7) expression -> . FRAC expression MIDDLE expression END
    (8) expression -> . SIN LPAREN expression RPAREN
    (9) expression -> . COS LPAREN expression RPAREN
    (10) expression -> . MINUS expression
    (11) expression -> . LPAREN expression RPAREN
    (12) expression -> . NUMBER
    (13) expression -> . PI
    (14) expression -> . NAME

    FRAC            shift and go to state 2
    SIN             shift and go to state 5
    COS             shift and go to state 1
    MINUS           shift and go to state 10
    LPAREN          shift and go to state 7
    NUMBER          shift and go to state 4
    PI              shift and go to state 8
    NAME            shift and go to state 12

    expression                     shift and go to state 28

state 19

    (4) expression -> expression MINUS . expression
    (3) expression -> . expression PLUS expression
    (4) expression -> . expression MINUS expression
    (5) expression -> . expression TIMES expression
    (6) expression -> . expression DIVIDE expression
    (7) expression -> . FRAC expression MIDDLE expression END
    (8) expression -> . SIN LPAREN expression RPAREN
    (9) expression -> . COS LPAREN expression RPAREN
    (10) expression -> . MINUS expression
    (11) expression -> . LPAREN expression RPAREN
    (12) expression -> . NUMBER
    (13) expression -> . PI
    (14) expression -> . NAME

    FRAC            shift and go to state 2
    SIN             shift and go to state 5
    COS             shift and go to state 1
    MINUS           shift and go to state 10
    LPAREN          shift and go to state 7
    NUMBER          shift and go to state 4
    PI              shift and go to state 8
    NAME            shift and go to state 12

    expression                     shift and go to state 29

state 20

    (5) expression -> expression TIMES . expression
    (3) expression -> . expression PLUS expression
    (4) expression -> . expression MINUS expression
    (5) expression -> . expression TIMES expression
    (6) expression -> . expression DIVIDE expression
    (7) expression -> . FRAC expression MIDDLE expression END
    (8) expression -> . SIN LPAREN expression RPAREN
    (9) expression -> . COS LPAREN expression RPAREN
    (10) expression -> . MINUS expression
    (11) expression -> . LPAREN expression RPAREN
    (12) expression -> . NUMBER
    (13) expression -> . PI
    (14) expression -> . NAME

    FRAC            shift and go to state 2
    SIN             shift and go to state 5
    COS             shift and go to state 1
    MINUS           shift and go to state 10
    LPAREN          shift and go to state 7
    NUMBER          shift and go to state 4
    PI              shift and go to state 8
    NAME            shift and go to state 12

    expression                     shift and go to state 30

state 21

    (10) expression -> MINUS expression .
    (3) expression -> expression . PLUS expression
    (4) expression -> expression . MINUS expression
    (5) expression -> expression . TIMES expression
    (6) expression -> expression . DIVIDE expression

    PLUS            reduce using rule 10 (expression -> MINUS expression .)
    MINUS           reduce using rule 10 (expression -> MINUS expression .)
    TIMES           reduce using rule 10 (expression -> MINUS expression .)
    DIVIDE          reduce using rule 10 (expression -> MINUS expression .)
    $end            reduce using rule 10 (expression -> MINUS expression .)
    MIDDLE          reduce using rule 10 (expression -> MINUS expression .)
    RPAREN          reduce using rule 10 (expression -> MINUS expression .)
    END             reduce using rule 10 (expression -> MINUS expression .)

  ! PLUS            [ shift and go to state 17 ]
  ! MINUS           [ shift and go to state 19 ]
  ! TIMES           [ shift and go to state 20 ]
  ! DIVIDE          [ shift and go to state 18 ]


state 22

    (9) expression -> COS LPAREN expression . RPAREN
    (3) expression -> expression . PLUS expression
    (4) expression -> expression . MINUS expression
    (5) expression -> expression . TIMES expression
    (6) expression -> expression . DIVIDE expression

    RPAREN          shift and go to state 31
    PLUS            shift and go to state 17
    MINUS           shift and go to state 19
    TIMES           shift and go to state 20
    DIVIDE          shift and go to state 18


state 23

    (7) expression -> FRAC expression MIDDLE . expression END
    (3) expression -> . expression PLUS expression
    (4) expression -> . expression MINUS expression
    (5) expression -> . expression TIMES expression
    (6) expression -> . expression DIVIDE expression
    (7) expression -> . FRAC expression MIDDLE expression END
    (8) expression -> . SIN LPAREN expression RPAREN
    (9) expression -> . COS LPAREN expression RPAREN
    (10) expression -> . MINUS expression
    (11) expression -> . LPAREN expression RPAREN
    (12) expression -> . NUMBER
    (13) expression -> . PI
    (14) expression -> . NAME

    FRAC            shift and go to state 2
    SIN             shift and go to state 5
    COS             shift and go to state 1
    MINUS           shift and go to state 10
    LPAREN          shift and go to state 7
    NUMBER          shift and go to state 4
    PI              shift and go to state 8
    NAME            shift and go to state 12

    expression                     shift and go to state 32

state 24

    (1) statement -> NAME EQUALS expression .
    (3) expression -> expression . PLUS expression
    (4) expression -> expression . MINUS expression
    (5) expression -> expression . TIMES expression
    (6) expression -> expression . DIVIDE expression

    $end            reduce using rule 1 (statement -> NAME EQUALS expression .)
    PLUS            shift and go to state 17
    MINUS           shift and go to state 19
    TIMES           shift and go to state 20
    DIVIDE          shift and go to state 18


state 25

    (8) expression -> SIN LPAREN expression . RPAREN
    (3) expression -> expression . PLUS expression
    (4) expression -> expression . MINUS expression
    (5) expression -> expression . TIMES expression
    (6) expression -> expression . DIVIDE expression

    RPAREN          shift and go to state 33
    PLUS            shift and go to state 17
    MINUS           shift and go to state 19
    TIMES           shift and go to state 20
    DIVIDE          shift and go to state 18


state 26

    (11) expression -> LPAREN expression RPAREN .

    PLUS            reduce using rule 11 (expression -> LPAREN expression RPAREN .)
    MINUS           reduce using rule 11 (expression -> LPAREN expression RPAREN .)
    TIMES           reduce using rule 11 (expression -> LPAREN expression RPAREN .)
    DIVIDE          reduce using rule 11 (expression -> LPAREN expression RPAREN .)
    $end            reduce using rule 11 (expression -> LPAREN expression RPAREN .)
    MIDDLE          reduce using rule 11 (expression -> LPAREN expression RPAREN .)
    RPAREN          reduce using rule 11 (expression -> LPAREN expression RPAREN .)
    END             reduce using rule 11 (expression -> LPAREN expression RPAREN .)


state 27

    (3) expression -> expression PLUS expression .
    (3) expression -> expression . PLUS expression
    (4) expression -> expression . MINUS expression
    (5) expression -> expression . TIMES expression
    (6) expression -> expression . DIVIDE expression

    PLUS            reduce using rule 3 (expression -> expression PLUS expression .)
    MINUS           reduce using rule 3 (expression -> expression PLUS expression .)
    $end            reduce using rule 3 (expression -> expression PLUS expression .)
    MIDDLE          reduce using rule 3 (expression -> expression PLUS expression .)
    RPAREN          reduce using rule 3 (expression -> expression PLUS expression .)
    END             reduce using rule 3 (expression -> expression PLUS expression .)
    TIMES           shift and go to state 20
    DIVIDE          shift and go to state 18

  ! TIMES           [ reduce using rule 3 (expression -> expression PLUS expression .) ]
  ! DIVIDE          [ reduce using rule 3 (expression -> expression PLUS expression .) ]
  ! PLUS            [ shift and go to state 17 ]
  ! MINUS           [ shift and go to state 19 ]


state 28

    (6) expression -> expression DIVIDE expression .
    (3) expression -> expression . PLUS expression
    (4) expression -> expression . MINUS expression
    (5) expression -> expression . TIMES expression
    (6) expression -> expression . DIVIDE expression

    PLUS            reduce using rule 6 (expression -> expression DIVIDE expression .)
    MINUS           reduce using rule 6 (expression -> expression DIVIDE expression .)
    TIMES           reduce using rule 6 (expression -> expression DIVIDE expression .)
    DIVIDE          reduce using rule 6 (expression -> expression DIVIDE expression .)
    $end            reduce using rule 6 (expression -> expression DIVIDE expression .)
    MIDDLE          reduce using rule 6 (expression -> expression DIVIDE expression .)
    RPAREN          reduce using rule 6 (expression -> expression DIVIDE expression .)
    END             reduce using rule 6 (expression -> expression DIVIDE expression .)

  ! PLUS            [ shift and go to state 17 ]
  ! MINUS           [ shift and go to state 19 ]
  ! TIMES           [ shift and go to state 20 ]
  ! DIVIDE          [ shift and go to state 18 ]


state 29

    (4) expression -> expression MINUS expression .
    (3) expression -> expression . PLUS expression
    (4) expression -> expression . MINUS expression
    (5) expression -> expression . TIMES expression
    (6) expression -> expression . DIVIDE expression

    PLUS            reduce using rule 4 (expression -> expression MINUS expression .)
    MINUS           reduce using rule 4 (expression -> expression MINUS expression .)
    $end            reduce using rule 4 (expression -> expression MINUS expression .)
    MIDDLE          reduce using rule 4 (expression -> expression MINUS expression .)
    RPAREN          reduce using rule 4 (expression -> expression MINUS expression .)
    END             reduce using rule 4 (expression -> expression MINUS expression .)
    TIMES           shift and go to state 20
    DIVIDE          shift and go to state 18

  ! TIMES           [ reduce using rule 4 (expression -> expression MINUS expression .) ]
  ! DIVIDE          [ reduce using rule 4 (expression -> expression MINUS expression .) ]
  ! PLUS            [ shift and go to state 17 ]
  ! MINUS           [ shift and go to state 19 ]


state 30

    (5) expression -> expression TIMES expression .
    (3) expression -> expression . PLUS expression
    (4) expression -> expression . MINUS expression
    (5) expression -> expression . TIMES expression
    (6) expression -> expression . DIVIDE expression

    PLUS            reduce using rule 5 (expression -> expression TIMES expression .)
    MINUS           reduce using rule 5 (expression -> expression TIMES expression .)
    TIMES           reduce using rule 5 (expression -> expression TIMES expression .)
    DIVIDE          reduce using rule 5 (expression -> expression TIMES expression .)
    $end            reduce using rule 5 (expression -> expression TIMES expression .)
    MIDDLE          reduce using rule 5 (expression -> expression TIMES expression .)
    RPAREN          reduce using rule 5 (expression -> expression TIMES expression .)
    END             reduce using rule 5 (expression -> expression TIMES expression .)

  ! PLUS            [ shift and go to state 17 ]
  ! MINUS           [ shift and go to state 19 ]
  ! TIMES           [ shift and go to state 20 ]
  ! DIVIDE          [ shift and go to state 18 ]


state 31

    (9) expression -> COS LPAREN expression RPAREN .

    PLUS            reduce using rule 9 (expression -> COS LPAREN expression RPAREN .)
    MINUS           reduce using rule 9 (expression -> COS LPAREN expression RPAREN .)
    TIMES           reduce using rule 9 (expression -> COS LPAREN expression RPAREN .)
    DIVIDE          reduce using rule 9 (expression -> COS LPAREN expression RPAREN .)
    $end            reduce using rule 9 (expression -> COS LPAREN expression RPAREN .)
    MIDDLE          reduce using rule 9 (expression -> COS LPAREN expression RPAREN .)
    RPAREN          reduce using rule 9 (expression -> COS LPAREN expression RPAREN .)
    END             reduce using rule 9 (expression -> COS LPAREN expression RPAREN .)


state 32

    (7) expression -> FRAC expression MIDDLE expression . END
    (3) expression -> expression . PLUS expression
    (4) expression -> expression . MINUS expression
    (5) expression -> expression . TIMES expression
    (6) expression -> expression . DIVIDE expression

    END             shift and go to state 34
    PLUS            shift and go to state 17
    MINUS           shift and go to state 19
    TIMES           shift and go to state 20
    DIVIDE          shift and go to state 18


state 33

    (8) expression -> SIN LPAREN expression RPAREN .

    PLUS            reduce using rule 8 (expression -> SIN LPAREN expression RPAREN .)
    MINUS           reduce using rule 8 (expression -> SIN LPAREN expression RPAREN .)
    TIMES           reduce using rule 8 (expression -> SIN LPAREN expression RPAREN .)
    DIVIDE          reduce using rule 8 (expression -> SIN LPAREN expression RPAREN .)
    $end            reduce using rule 8 (expression -> SIN LPAREN expression RPAREN .)
    MIDDLE          reduce using rule 8 (expression -> SIN LPAREN expression RPAREN .)
    RPAREN          reduce using rule 8 (expression -> SIN LPAREN expression RPAREN .)
    END             reduce using rule 8 (expression -> SIN LPAREN expression RPAREN .)


state 34

    (7) expression -> FRAC expression MIDDLE expression END .

    PLUS            reduce using rule 7 (expression -> FRAC expression MIDDLE expression END .)
    MINUS           reduce using rule 7 (expression -> FRAC expression MIDDLE expression END .)
    TIMES           reduce using rule 7 (expression -> FRAC expression MIDDLE expression END .)
    DIVIDE          reduce using rule 7 (expression -> FRAC expression MIDDLE expression END .)
    $end            reduce using rule 7 (expression -> FRAC expression MIDDLE expression END .)
    MIDDLE          reduce using rule 7 (expression -> FRAC expression MIDDLE expression END .)
    RPAREN          reduce using rule 7 (expression -> FRAC expression MIDDLE expression END .)
    END             reduce using rule 7 (expression -> FRAC expression MIDDLE expression END .)

